2022-06-08 15:17:37 INFO: bened.enableStackTraces = "true"
2022-06-08 15:17:37 INFO: bened.enableLogTraceback = "true"
2022-06-08 15:17:37 INFO: Logger.<clinit>: logging enabled
2022-06-08 15:17:37 INFO: Bened.getStringProperty: socksProxyHost not defined
2022-06-08 15:17:37 INFO: Bened.getStringProperty: socksProxyPort not defined
2022-06-08 15:17:37 INFO: Bened.getBooleanProperty: bened.isTestnet = "false"
2022-06-08 15:17:37 INFO: Bened.getBooleanProperty: bened.isOffline = "false"
2022-06-08 15:17:37 INFO: Bened.getBooleanProperty: bened.isLightClient = "false"
2022-06-08 15:17:37 INFO: Bened.getStringProperty: bened.customLoginWarning not defined
2022-06-08 15:17:37 INFO: Bened.getIntProperty: bened.maxRollback = "800"
2022-06-08 15:17:37 INFO: Bened.getIntProperty: bened.trimFrequency = "1000"
2022-06-08 15:17:37 INFO: Bened.getIntProperty: nxt.forgingDelay not defined or not numeric, using default value 0
2022-06-08 15:17:37 INFO: Bened.getIntProperty: nxt.forgingSpeedup not defined or not numeric, using default value 0
2022-06-08 15:17:37 INFO: Bened.getIntProperty: bened.batchCommitSize not defined or not numeric, using default value 100
2022-06-08 15:17:37 INFO: Bened.getStringProperty: bened.blacklist.blocks not defined
2022-06-08 15:17:37 INFO: Bened.getIntProperty: bened.maxPrunableLifetime = "7776000"
2022-06-08 15:17:37 INFO: Bened.getBooleanProperty: bened.includeExpiredPrunable = "true"
2022-06-08 15:17:37 INFO: Bened.getBooleanProperty: bened.measureTrimmingTime = "false"
2022-06-08 15:17:37 INFO: Bened.getBooleanProperty: bened.correctInvalidFees = "true"
2022-06-08 15:17:37 INFO: Bened.getIntProperty: bened.maxBlockchainHeight not defined or not numeric, using default value 0
2022-06-08 15:17:37 INFO: Bened.getBooleanProperty: bened.serveOnlyLatestTransactions not defined, using default false
2022-06-08 15:17:37 INFO: Bened.getStringProperty: bened.dbSoftMgUsername = "sa"
2022-06-08 15:17:37 INFO: Bened.getStringProperty: bened.dbSoftMgPassword = "sa"
2022-06-08 15:17:37 INFO: Bened.getIntProperty: bened.statementLogThreshold = "10000"
2022-06-08 15:17:37 INFO: Bened.getIntProperty: bened.transactionLogThreshold = "15000"
2022-06-08 15:17:37 INFO: Bened.getIntProperty: bened.transactionLogInterval = "15"
2022-06-08 15:17:37 INFO: Bened.getIntProperty: bened.dbCacheKB = "0"
2022-06-08 15:17:37 INFO: Bened.getStringProperty: bened.dbUrl not defined
2022-06-08 15:17:37 INFO: Bened.getStringProperty: bened.dbType = "h2"
2022-06-08 15:17:37 INFO: Bened.getStringProperty: bened.dbDir = "./bened_db/bened"
2022-06-08 15:17:37 INFO: Bened.getStringProperty: bened.dbParams = "DB_CLOSE_ON_EXIT=FALSE;MVCC=TRUE;MV_STORE=FALSE"
2022-06-08 15:17:37 INFO: Bened.getStringProperty: bened.dbUsername = "sa"
2022-06-08 15:17:37 INFO: Bened.getStringProperty: bened.dbPassword = "{not logged}"
2022-06-08 15:17:37 INFO: Bened.getIntProperty: bened.maxDbConnections = "30"
2022-06-08 15:17:37 INFO: Bened.getIntProperty: bened.dbLoginTimeout = "70"
2022-06-08 15:17:37 INFO: Bened.getIntProperty: bened.dbDefaultLockTimeout = "60"
2022-06-08 15:17:37 INFO: Bened.getIntProperty: bened.dbMaxMemoryRows = "1000000"
2022-06-08 15:17:38 INFO: Bened.getBooleanProperty: bened.useStrongSecureRandom not defined, using default false
2022-06-08 15:17:38 INFO: DbVersion.init: Initializing an empty database
2022-06-08 15:17:38 INFO: Bened.getBooleanProperty: bened.trimDerivedTables = "true"
2022-06-08 15:17:38 INFO: Bened.getIntProperty: bened.numberOfForkConfirmations = "3"
2022-06-08 15:17:38 INFO: Bened.getBooleanProperty: bened.simulateEndlessDownload not defined, using default false
2022-06-08 15:17:38 INFO: Bened.getBooleanProperty: bened.disableGetMoreBlocksThread not defined, using default false
2022-06-08 15:17:38 INFO: BlockDb.deleteAll: Deleting blockchain...
2022-06-08 15:17:39 INFO: FullTextTrigger.removeIndexFiles: Lucene search index deleted
2022-06-08 15:17:39 INFO: FullTextTrigger.init: H2 fulltext function aliases dropped
2022-06-08 15:17:39 INFO: FullTextTrigger.init: NRS fulltext schema created
2022-06-08 15:17:39 INFO: FullTextTrigger.reindex: Rebuilding the Lucene search index
2022-06-08 15:17:39 INFO: FullTextTrigger.removeIndexFiles: Lucene search index deleted
2022-06-08 15:17:39 INFO: FullTextTrigger.reindex: Lucene search index successfully rebuilt
2022-06-08 15:17:39 INFO: FullTextTrigger.init: NRS fulltext aliases created
2022-06-08 15:17:39 INFO: Bened.getBooleanProperty: bened.enableTransactionRebroadcasting = "true"
2022-06-08 15:17:39 INFO: Bened.getBooleanProperty: bened.testUnconfirmedTransactions not defined, using default false
2022-06-08 15:17:39 INFO: Bened.getIntProperty: bened.maxUnconfirmedTransactions = "2000"
2022-06-08 15:17:39 INFO: Bened.getBooleanProperty: bened.disableProcessTransactionsThread not defined, using default false
2022-06-08 15:17:39 INFO: Bened.getBooleanProperty: bened.disableRebroadcastTransactionsThread not defined, using default false
2022-06-08 15:17:39 INFO: Bened.getBooleanProperty: bened.disableRemoveUnconfirmedTransactionsThread not defined, using default false
2022-06-08 15:17:39 INFO: Bened.getBooleanProperty: bened.disableProcessWaitingTransactionsThread not defined, using default false
2022-06-08 15:17:39 INFO: Bened.getBooleanProperty: bened.enablePublicKeyCache = "true"
2022-06-08 15:17:39 INFO: Bened.getIntProperty: bened.ledgerTrimKeep = "30000"
2022-06-08 15:17:39 INFO: Bened.getStringProperty: bened.ledgerAccounts = "*"
2022-06-08 15:17:39 INFO: AccountLedger.<clinit>: Account ledger is tracking all accounts
2022-06-08 15:17:39 INFO: Bened.getIntProperty: bened.ledgerLogUnconfirmed = "2"
2022-06-08 15:17:39 INFO: Bened.getBooleanProperty: bened.hideErrorDetails = "false"
2022-06-08 15:17:39 INFO: Bened.getStringProperty: bened.myPlatform = "_unknown_"
2022-06-08 15:17:39 INFO: Bened.getStringProperty: bened.myAddress not defined
2022-06-08 15:17:39 INFO: Bened.getIntProperty: bened.peerServerPort = "2274"
2022-06-08 15:17:39 INFO: Bened.getBooleanProperty: bened.shareMyAddress = "true"
2022-06-08 15:17:39 INFO: Bened.getBooleanProperty: bened.enablePeerUPnP = "true"
2022-06-08 15:17:39 INFO: Bened.getStringProperty: bened.myHallmark not defined
2022-06-08 15:17:39 INFO: Bened.getStringProperty: bened.adminPassword not defined
2022-06-08 15:17:39 INFO: Bened.getIntProperty: bened.maxAPIRecords = "100"
2022-06-08 15:17:39 INFO: Bened.getBooleanProperty: bened.enableAPIUPnP = "true"
2022-06-08 15:17:39 INFO: Bened.getIntProperty: bened.apiServerIdleTimeout = "30000"
2022-06-08 15:17:39 INFO: Bened.getBooleanProperty: bened.apiServerCORS = "true"
2022-06-08 15:17:39 INFO: Bened.getStringProperty: bened.forwardedForHeader not defined
2022-06-08 15:17:39 INFO: Bened.getStringProperty: bened.disabledAPIs not defined
2022-06-08 15:17:39 INFO: Bened.getStringProperty: bened.disabledAPITags not defined
2022-06-08 15:17:39 INFO: Bened.getStringProperty: bened.allowedBotHosts = "127.0.0.1"
2022-06-08 15:17:39 INFO: Bened.getBooleanProperty: bened.enableAPIServer = "true"
2022-06-08 15:17:39 INFO: Bened.getIntProperty: bened.apiServerPort = "2276"
2022-06-08 15:17:39 INFO: Bened.getIntProperty: bened.apiServerSSLPort = "2276"
2022-06-08 15:17:39 INFO: Bened.getStringProperty: bened.apiServerHost = "127.0.0.1"
2022-06-08 15:17:39 INFO: Bened.getBooleanProperty: bened.disableAdminPassword = "false"
2022-06-08 15:17:39 INFO: Bened.getStringProperty: bened.keyStoreType not defined
2022-06-08 15:17:39 INFO: Bened.getStringProperty: bened.keyStorePassword not defined
2022-06-08 15:17:39 INFO: Bened.getBooleanProperty: bened.apiSSL = "false"
2022-06-08 15:17:39 INFO: Bened.getBooleanProperty: bened.apiServerEnforceSSL = "false"
2022-06-08 15:17:39 INFO: Bened.getStringProperty: bened.keyStorePath = "bened.default.ks"
2022-06-08 15:17:39 INFO: API.<clinit>: API server using HTTP port 2276
2022-06-08 15:17:39 INFO: Bened.getStringProperty: bened.apiResourceBase = "./html/ui"
2022-06-08 15:17:40 INFO: Bened.getStringProperty: bened.apiWelcomeFile = "index.html"
2022-06-08 15:17:40 INFO: Bened.getStringProperty: bened.javadocResourceBase = "./html/doc"
2022-06-08 15:17:40 INFO: Bened.getBooleanProperty: bened.enableAPIServerGZIPFilter = "true"
2022-06-08 15:17:40 INFO: Bened.getBooleanProperty: bened.apiFrameOptionsSameOrigin = "true"
2022-06-08 15:17:40 INFO: Bened.getStringProperty: bened.defaultPeers = "5.182.17.81; 45.13.59.91; 45.13.59.152; 45.13.59.153; 45.13.59.154; 45.13.59.155"
2022-06-08 15:17:40 INFO: Bened.getStringProperty: bened.wellKnownPeers = "45.13.59.91; 45.13.59.152; 45.13.59.153; 45.13.59.154; 45.13.59.155"
2022-06-08 15:17:40 INFO: Bened.getStringProperty: bened.knownBlacklistedPeers not defined
2022-06-08 15:17:40 INFO: Bened.getIntProperty: bened.maxNumberOfInboundConnections = "1000"
2022-06-08 15:17:40 INFO: Bened.getIntProperty: bened.maxNumberOfOutboundConnections = "100"
2022-06-08 15:17:40 INFO: Bened.getIntProperty: bened.maxNumberOfConnectedPublicPeers = "40"
2022-06-08 15:17:40 INFO: Bened.getIntProperty: bened.maxNumberOfKnownPeers = "2000"
2022-06-08 15:17:40 INFO: Bened.getIntProperty: bened.minNumberOfKnownPeers = "1000"
2022-06-08 15:17:40 INFO: Bened.getIntProperty: bened.connectTimeout = "1000"
2022-06-08 15:17:40 INFO: Bened.getIntProperty: bened.readTimeout = "2000"
2022-06-08 15:17:40 INFO: Bened.getBooleanProperty: bened.enableHallmarkProtection = "false"
2022-06-08 15:17:40 INFO: Bened.getIntProperty: bened.pushThreshold = "500000"
2022-06-08 15:17:40 INFO: Bened.getIntProperty: bened.pullThreshold = "500000"
2022-06-08 15:17:40 INFO: Bened.getBooleanProperty: bened.useWebSockets = "true"
2022-06-08 15:17:40 INFO: Bened.getIntProperty: bened.webSocketIdleTimeout = "90000"
2022-06-08 15:17:40 INFO: Bened.getBooleanProperty: bened.enablePeerServerGZIPFilter = "true"
2022-06-08 15:17:40 INFO: Bened.getIntProperty: bened.blacklistingPeriod = "6000000"
2022-06-08 15:17:40 INFO: Bened.getIntProperty: bened.communicationLoggingMask = "1"
2022-06-08 15:17:40 INFO: Bened.getIntProperty: bened.sendToPeersLimit = "10"
2022-06-08 15:17:40 INFO: Bened.getBooleanProperty: bened.usePeersDb = "true"
2022-06-08 15:17:40 INFO: Bened.getBooleanProperty: bened.savePeers = "true"
2022-06-08 15:17:40 INFO: Bened.getBooleanProperty: bened.getMorePeers = "true"
2022-06-08 15:17:40 INFO: Bened.getBooleanProperty: bened.cjdnsOnly = "false"
2022-06-08 15:17:40 INFO: Bened.getBooleanProperty: bened.ignorePeerAnnouncedAddress = "false"
2022-06-08 15:17:40 INFO: Bened.getBooleanProperty: bened.disablePeerConnectingThread not defined, using default false
2022-06-08 15:17:40 INFO: Bened.getBooleanProperty: bened.disablePeerUnBlacklistingThread not defined, using default false
2022-06-08 15:17:40 INFO: Bened.getBooleanProperty: bened.disableGetMorePeersThread not defined, using default false
2022-06-08 15:17:40 INFO: Bened.getStringProperty: bened.peerServerHost = "127.0.0.1"
2022-06-08 15:17:40 INFO: Bened.getIntProperty: bened.peerServerIdleTimeout = "3000"
2022-06-08 15:17:40 INFO: Bened.getBooleanProperty: bened.enablePeerServerDoSFilter = "true"
2022-06-08 15:17:40 INFO: Bened.getStringProperty: bened.peerServerDoSFilter.maxRequestsPerSec = "30"
2022-06-08 15:17:40 INFO: Bened.getStringProperty: bened.peerServerDoSFilter.delayMs = "1000"
2022-06-08 15:17:40 INFO: Bened.getStringProperty: bened.peerServerDoSFilter.maxRequestMs = "300000"
2022-06-08 15:17:40 INFO: Bened.getBooleanProperty: bened.enableAPIProxy = "true"
2022-06-08 15:17:40 INFO: Bened.getIntProperty: bened.apiProxyBlacklistingPeriod = "1800000"
2022-06-08 15:17:40 INFO: Bened.getStringProperty: bened.forceAPIProxyServerURL not defined
2022-06-08 15:17:40 INFO: Bened.getBooleanProperty: bened.allowAPIHierarchyWithoutPassword = "true"
2022-06-08 15:17:40 INFO: Bened.getBooleanProperty: bened.allowAPIHierarchyOnlyLocalhost = "true"
2022-06-08 15:17:40 INFO: Bened.getBooleanProperty: bened.disableAPIProxyPeersUpdateThread not defined, using default false
2022-06-08 15:17:40 INFO: Bened.getStringProperty: bened.addOns not defined
2022-06-08 15:17:40 INFO: Bened.getStringProperty: bened.allowedUserHosts = "127.0.0.1; localhost; [0:0:0:0:0:0:0:1];"
2022-06-08 15:17:40 INFO: Bened.getBooleanProperty: bened.enableUIServer = "false"
2022-06-08 15:17:40 INFO: Users.<clinit>: User interface server not enabled
2022-06-08 15:17:40 INFO: Bened.getStringProperty: bened.debugTraceQuote = """
2022-06-08 15:17:40 INFO: Bened.getStringProperty: bened.debugTraceSeparator = "	"
2022-06-08 15:17:40 INFO: Bened.getBooleanProperty: bened.debugLogUnconfirmed = "true"
2022-06-08 15:17:40 INFO: Bened.getStringProperty: bened.debugTraceAccounts not defined
2022-06-08 15:17:40 INFO: Bened.getStringProperty: bened.debugTraceLog not defined
2022-06-08 15:17:40 INFO: Bened.getIntProperty: bened.dbCacheKB = "0"
2022-06-08 15:17:40 INFO: BlockchainProcessorImpl.addGenesisBlock: Genesis block not in database, starting from scratch
2022-06-08 15:17:40 INFO: BlockchainProcessorImpl.scan: Scanning blockchain starting from height 0...
2022-06-08 15:17:40 INFO: FullTextTrigger.removeIndexFiles: Lucene search index deleted
2022-06-08 15:17:40 INFO: BlockchainProcessorImpl.lambda$new$1: processed block 0
2022-06-08 15:17:40 INFO: FullTextTrigger.createIndex: Lucene search index created for table PUBLIC.ACCOUNT_INFO
2022-06-08 15:17:40 INFO: BlockchainProcessorImpl.scan: ...done at height 0
2022-06-08 15:17:40 INFO: UPnP.init: Looking for UPnP gateway device...
2022-06-08 15:17:40 INFO: Bened.getIntProperty: bened.upnpGatewayTimeout = "7000"
2022-06-08 15:17:40 INFO: Bened.getIntProperty: bened.upnpDiscoverTimeout = "3000"
2022-06-08 15:17:49 INFO: Bened.getBooleanProperty: bened.apiServerEnforcePOST = "true"
2022-06-08 15:17:49 INFO: Peers$Init.lambda$static$0: Started peer networking server at 127.0.0.1:2274
2022-06-08 15:17:49 INFO: API.lambda$static$1: Started API server at 127.0.0.1:2276
2022-06-08 15:17:49 INFO: Bened$Init.<clinit>: Initialization took 12 seconds
2022-06-08 15:17:49 INFO: Bened$Init.<clinit>: BENED server 0.0.0.1 started successfully.
2022-06-08 15:17:49 INFO: Bened$Init.<clinit>: Copyright © 2013-2016 The Nxt Core Developers.
2022-06-08 15:17:49 INFO: Bened$Init.<clinit>: Copyright © 2016-2017 Jelurida IP B.V.
2022-06-08 15:17:49 INFO: Bened$Init.<clinit>: Distributed under the Jelurida Public License version 1.0 for the N.x.t Public Blockchain Platform, with ABBNDUTELY NO WARRANTY.
2022-06-08 15:17:49 INFO: Bened$Init.<clinit>: Client UI is at http://localhost:2276/index.html
2022-06-08 15:17:51 INFO: BlockchainProcessorImpl$1.downloadPeer: Blockchain download in progress
2022-06-08 15:17:53 INFO: BlockchainProcessorImpl$1.downloadPeer: Downloaded 719 blocks in 2 s, 242 per s, 19 min left
2022-06-08 15:17:54 INFO: BlockchainProcessorImpl.doTrimDerivedTables: Trimming derived tables at 200
2022-06-08 15:17:55 INFO: BlockchainProcessorImpl.doTrimDerivedTables: Trimmed derived tables for 0.514 seconds
2022-06-08 15:17:55 INFO: BlockchainProcessorImpl$1.downloadPeer: Downloaded 719 blocks in 1 s, 325 per s, 14 min left
2022-06-08 15:17:56 INFO: BlockchainProcessorImpl.doTrimDerivedTables: Trimming derived tables at 1200
2022-06-08 15:17:56 INFO: BlockchainProcessorImpl.doTrimDerivedTables: Trimmed derived tables for 0.191 seconds
2022-06-08 15:17:56 INFO: BlockchainProcessorImpl$1.downloadPeer: Downloaded 719 blocks in 1 s, 364 per s, 13 min left
2022-06-08 15:17:58 INFO: BlockchainProcessorImpl$1.downloadPeer: Downloaded 719 blocks in 1 s, 396 per s, 12 min left
2022-06-08 15:17:58 INFO: BlockchainProcessorImpl.doTrimDerivedTables: Trimming derived tables at 2200
2022-06-08 15:17:59 INFO: BlockchainProcessorImpl.doTrimDerivedTables: Trimmed derived tables for 0.466 seconds
2022-06-08 15:17:59 INFO: BlockchainProcessorImpl$1.downloadPeer: Downloaded 719 blocks in 1 s, 421 per s, 11 min left
2022-06-08 15:18:00 INFO: BlockchainProcessorImpl.doTrimDerivedTables: Trimming derived tables at 3200
2022-06-08 15:18:00 INFO: BlockchainProcessorImpl.doTrimDerivedTables: Trimmed derived tables for 0.22 seconds
2022-06-08 15:18:00 INFO: BlockchainProcessorImpl$1.downloadPeer: Downloaded 719 blocks in 1 s, 445 per s, 10 min left
2022-06-08 15:18:01 INFO: BlockchainProcessorImpl.doTrimDerivedTables: Trimming derived tables at 4200
2022-06-08 15:18:01 INFO: BlockchainProcessorImpl.lambda$new$3: received block 5000
2022-06-08 15:18:01 INFO: BlockchainProcessorImpl.doTrimDerivedTables: Trimmed derived tables for 0.035 seconds
2022-06-08 15:18:01 INFO: BlockchainProcessorImpl$1.downloadPeer: Downloaded 719 blocks in 1 s, 462 per s, 10 min left
2022-06-08 15:18:03 INFO: BlockchainProcessorImpl$1.downloadPeer: Downloaded 719 blocks in 1 s, 480 per s, 9 min left
2022-06-08 15:18:03 INFO: BlockchainProcessorImpl.doTrimDerivedTables: Trimming derived tables at 5200
2022-06-08 15:18:03 INFO: BlockchainProcessorImpl.doTrimDerivedTables: Trimmed derived tables for 0.241 seconds
2022-06-08 15:18:04 INFO: BlockchainProcessorImpl$1.downloadPeer: Downloaded 719 blocks in 1 s, 497 per s, 9 min left
2022-06-08 15:18:04 INFO: BlockchainProcessorImpl.doTrimDerivedTables: Trimming derived tables at 6200
2022-06-08 15:18:05 INFO: BlockchainProcessorImpl.doTrimDerivedTables: Trimmed derived tables for 0.113 seconds
2022-06-08 15:18:05 INFO: BlockchainProcessorImpl$1.downloadPeer: Downloaded 719 blocks in 1 s, 508 per s, 9 min left
2022-06-08 15:18:06 INFO: BlockchainProcessorImpl$1.downloadPeer: Downloaded 719 blocks in 1 s, 519 per s, 9 min left
2022-06-08 15:18:07 INFO: BlockchainProcessorImpl.doTrimDerivedTables: Trimming derived tables at 7200
2022-06-08 15:18:07 INFO: BlockchainProcessorImpl.doTrimDerivedTables: Trimmed derived tables for 0.305 seconds
2022-06-08 15:18:07 INFO: BlockchainProcessorImpl$1.downloadPeer: Downloaded 719 blocks in 1 s, 527 per s, 8 min left
2022-06-08 15:18:08 INFO: BlockchainProcessorImpl.doTrimDerivedTables: Trimming derived tables at 8200
2022-06-08 15:18:08 INFO: BlockchainProcessorImpl.doTrimDerivedTables: Trimmed derived tables for 0.124 seconds
2022-06-08 15:18:08 INFO: BlockchainProcessorImpl$1.downloadPeer: Downloaded 719 blocks in 0 s, 538 per s, 8 min left
2022-06-08 15:18:09 INFO: BlockchainProcessorImpl.lambda$new$3: received block 10000
2022-06-08 15:18:09 INFO: BlockchainProcessorImpl.doTrimDerivedTables: Trimming derived tables at 9200
2022-06-08 15:18:09 INFO: BlockchainProcessorImpl.doTrimDerivedTables: Trimmed derived tables for 0.051 seconds
2022-06-08 15:18:09 INFO: BlockchainProcessorImpl$1.downloadPeer: Downloaded 719 blocks in 1 s, 542 per s, 8 min left
2022-06-08 15:18:11 INFO: PeerImpl.send: null catch >>> java.net.SocketTimeoutException: Connect Timeout

2022-06-08 15:18:11 INFO: BlockchainProcessorImpl$1.downloadPeer: Downloaded 719 blocks in 1 s, 538 per s, 8 min left
2022-06-08 15:18:12 INFO: BlockchainProcessorImpl.doTrimDerivedTables: Trimming derived tables at 10200
2022-06-08 15:18:12 INFO: APIProxy.getServingPeer: Selected API peer Peer{state=CONNECTED, announcedAddress='45.13.59.152', services=28, host='45.13.59.152', version='0.0.0.1'} peer hosts selected [45.13.59.152]
2022-06-08 15:18:12 INFO: BlockchainProcessorImpl.doTrimDerivedTables: Trimmed derived tables for 0.406 seconds
2022-06-08 15:18:12 INFO: BlockchainProcessorImpl$1.downloadPeer: Downloaded 719 blocks in 1 s, 539 per s, 8 min left
2022-06-08 15:18:13 INFO: BlockchainProcessorImpl.doTrimDerivedTables: Trimming derived tables at 11200
2022-06-08 15:18:13 INFO: BlockchainProcessorImpl.doTrimDerivedTables: Trimmed derived tables for 0.07 seconds
2022-06-08 15:18:14 INFO: BlockchainProcessorImpl$1.downloadPeer: Downloaded 719 blocks in 1 s, 538 per s, 8 min left
2022-06-08 15:18:15 INFO: BlockchainProcessorImpl$1.downloadPeer: Downloaded 719 blocks in 0 s, 548 per s, 8 min left
2022-06-08 15:18:15 INFO: BlockchainProcessorImpl.doTrimDerivedTables: Trimming derived tables at 12200
2022-06-08 15:18:15 INFO: BlockchainProcessorImpl.doTrimDerivedTables: Trimmed derived tables for 0.176 seconds
2022-06-08 15:18:16 INFO: BlockchainProcessorImpl$1.downloadPeer: Downloaded 719 blocks in 1 s, 555 per s, 8 min left
2022-06-08 15:18:16 INFO: BlockchainProcessorImpl.doTrimDerivedTables: Trimming derived tables at 13200
2022-06-08 15:18:16 INFO: BlockchainProcessorImpl.doTrimDerivedTables: Trimmed derived tables for 0.116 seconds
2022-06-08 15:18:17 INFO: BlockchainProcessorImpl$1.downloadPeer: Downloaded 719 blocks in 0 s, 562 per s, 8 min left
2022-06-08 15:18:17 INFO: BlockchainProcessorImpl.doTrimDerivedTables: Trimming derived tables at 14200
2022-06-08 15:18:17 INFO: BlockchainProcessorImpl.lambda$new$3: received block 15000
2022-06-08 15:18:18 INFO: BlockchainProcessorImpl.doTrimDerivedTables: Trimmed derived tables for 0.04 seconds
2022-06-08 15:18:18 INFO: BlockchainProcessorImpl$1.downloadPeer: Downloaded 719 blocks in 1 s, 567 per s, 8 min left
2022-06-08 15:18:19 INFO: BlockchainProcessorImpl$1.downloadPeer: Downloaded 719 blocks in 1 s, 571 per s, 7 min left
2022-06-08 15:18:20 INFO: BlockchainProcessorImpl.doTrimDerivedTables: Trimming derived tables at 15200
2022-06-08 15:18:20 INFO: BlockchainProcessorImpl.doTrimDerivedTables: Trimmed derived tables for 0.149 seconds
2022-06-08 15:18:20 INFO: BlockchainProcessorImpl$1.downloadPeer: Downloaded 719 blocks in 1 s, 576 per s, 7 min left
2022-06-08 15:18:21 INFO: BlockchainProcessorImpl.doTrimDerivedTables: Trimming derived tables at 16200
2022-06-08 15:18:21 INFO: BlockchainProcessorImpl.doTrimDerivedTables: Trimmed derived tables for 0.14 seconds
2022-06-08 15:18:21 INFO: BlockchainProcessorImpl$1.downloadPeer: Downloaded 719 blocks in 1 s, 577 per s, 7 min left
2022-06-08 15:18:22 INFO: BlockchainProcessorImpl$1.downloadPeer: Downloaded 719 blocks in 1 s, 581 per s, 7 min left
2022-06-08 15:18:23 INFO: BlockchainProcessorImpl.doTrimDerivedTables: Trimming derived tables at 17200
2022-06-08 15:18:23 INFO: BlockchainProcessorImpl.doTrimDerivedTables: Trimmed derived tables for 0.17 seconds
2022-06-08 15:18:23 INFO: BlockchainProcessorImpl$1.downloadPeer: Downloaded 719 blocks in 1 s, 585 per s, 7 min left
2022-06-08 15:18:24 INFO: BlockchainProcessorImpl.doTrimDerivedTables: Trimming derived tables at 18200
2022-06-08 15:18:24 INFO: BlockchainProcessorImpl.doTrimDerivedTables: Trimmed derived tables for 0.143 seconds
2022-06-08 15:18:24 INFO: BlockchainProcessorImpl$1.downloadPeer: Downloaded 719 blocks in 0 s, 589 per s, 7 min left
2022-06-08 15:18:25 INFO: BlockchainProcessorImpl.lambda$new$3: received block 20000
2022-06-08 15:18:25 INFO: BlockchainProcessorImpl.doTrimDerivedTables: Trimming derived tables at 19200
2022-06-08 15:18:25 INFO: BlockchainProcessorImpl.doTrimDerivedTables: Trimmed derived tables for 0.073 seconds
2022-06-08 15:18:26 INFO: BlockchainProcessorImpl$1.downloadPeer: Downloaded 719 blocks in 1 s, 593 per s, 7 min left
2022-06-08 15:18:26 INFO: BlockchainProcessorImpl$1.downloadPeer: Downloaded 719 blocks in 0 s, 598 per s, 7 min left
2022-06-08 15:18:27 INFO: BlockchainProcessorImpl.doTrimDerivedTables: Trimming derived tables at 20200
2022-06-08 15:18:27 INFO: BlockchainProcessorImpl.doTrimDerivedTables: Trimmed derived tables for 0.152 seconds
2022-06-08 15:18:27 INFO: BlockchainProcessorImpl$1.downloadPeer: Downloaded 719 blocks in 0 s, 603 per s, 7 min left
2022-06-08 15:18:28 INFO: BlockchainProcessorImpl.doTrimDerivedTables: Trimming derived tables at 21200
2022-06-08 15:18:28 INFO: BlockchainProcessorImpl.doTrimDerivedTables: Trimmed derived tables for 0.1 seconds
2022-06-08 15:18:29 INFO: BlockchainProcessorImpl$1.downloadPeer: Downloaded 719 blocks in 1 s, 606 per s, 7 min left
2022-06-08 15:18:29 INFO: BlockchainProcessorImpl.doTrimDerivedTables: Trimming derived tables at 22200
2022-06-08 15:18:29 INFO: BlockchainProcessorImpl.doTrimDerivedTables: Trimmed derived tables for 0.006 seconds
2022-06-08 15:18:30 INFO: BlockchainProcessorImpl$1.downloadPeer: Downloaded 719 blocks in 1 s, 609 per s, 7 min left
2022-06-08 15:18:31 INFO: BlockchainProcessorImpl$1.downloadPeer: Downloaded 719 blocks in 0 s, 613 per s, 7 min left
2022-06-08 15:18:31 INFO: BlockchainProcessorImpl.doTrimDerivedTables: Trimming derived tables at 23200
2022-06-08 15:18:31 INFO: BlockchainProcessorImpl.doTrimDerivedTables: Trimmed derived tables for 0.101 seconds
2022-06-08 15:18:32 INFO: BlockchainProcessorImpl$1.downloadPeer: Downloaded 719 blocks in 0 s, 618 per s, 7 min left
2022-06-08 15:18:32 INFO: BlockchainProcessorImpl.lambda$new$3: received block 25000
2022-06-08 15:18:32 INFO: BlockchainProcessorImpl.doTrimDerivedTables: Trimming derived tables at 24200
2022-06-08 15:18:32 INFO: BlockchainProcessorImpl.doTrimDerivedTables: Trimmed derived tables for 0.042 seconds
2022-06-08 15:18:32 INFO: BlockchainProcessorImpl$1.downloadPeer: Downloaded 719 blocks in 0 s, 622 per s, 7 min left
2022-06-08 15:18:34 INFO: BlockchainProcessorImpl$1.downloadPeer: Downloaded 719 blocks in 1 s, 624 per s, 7 min left
2022-06-08 15:18:34 INFO: BlockchainProcessorImpl.doTrimDerivedTables: Trimming derived tables at 25200
2022-06-08 15:18:34 INFO: BlockchainProcessorImpl.doTrimDerivedTables: Trimmed derived tables for 0.148 seconds
2022-06-08 15:18:35 INFO: BlockchainProcessorImpl$1.downloadPeer: Downloaded 719 blocks in 0 s, 627 per s, 6 min left
2022-06-08 15:18:35 INFO: BlockchainProcessorImpl.doTrimDerivedTables: Trimming derived tables at 26200
2022-06-08 15:18:35 INFO: BlockchainProcessorImpl.doTrimDerivedTables: Trimmed derived tables for 0.081 seconds
2022-06-08 15:18:36 INFO: BlockchainProcessorImpl$1.downloadPeer: Downloaded 719 blocks in 0 s, 630 per s, 6 min left
2022-06-08 15:18:36 INFO: BlockchainProcessorImpl.doTrimDerivedTables: Trimming derived tables at 27200
2022-06-08 15:18:36 INFO: BlockchainProcessorImpl.doTrimDerivedTables: Trimmed derived tables for 0.016 seconds
2022-06-08 15:18:37 INFO: BlockchainProcessorImpl$1.downloadPeer: Downloaded 719 blocks in 0 s, 633 per s, 6 min left
2022-06-08 15:18:38 INFO: BlockchainProcessorImpl$1.downloadPeer: Downloaded 719 blocks in 1 s, 635 per s, 6 min left
2022-06-08 15:18:38 INFO: BlockchainProcessorImpl.doTrimDerivedTables: Trimming derived tables at 28200
2022-06-08 15:18:38 INFO: BlockchainProcessorImpl.doTrimDerivedTables: Trimmed derived tables for 0.173 seconds
2022-06-08 15:18:39 INFO: BlockchainProcessorImpl$1.downloadPeer: Downloaded 719 blocks in 0 s, 637 per s, 6 min left
2022-06-08 15:18:39 INFO: BlockchainProcessorImpl.lambda$new$3: received block 30000
2022-06-08 15:18:39 INFO: BlockchainProcessorImpl.doTrimDerivedTables: Trimming derived tables at 29200
2022-06-08 15:18:39 INFO: BlockchainProcessorImpl.doTrimDerivedTables: Trimmed derived tables for 0.06 seconds
2022-06-08 15:18:40 INFO: BlockchainProcessorImpl$1.downloadPeer: Downloaded 719 blocks in 0 s, 640 per s, 6 min left
2022-06-08 15:18:41 INFO: BlockchainProcessorImpl$1.downloadPeer: Downloaded 719 blocks in 0 s, 642 per s, 6 min left
2022-06-08 15:18:41 INFO: BlockchainProcessorImpl.doTrimDerivedTables: Trimming derived tables at 30200
2022-06-08 15:18:42 INFO: BlockchainProcessorImpl.doTrimDerivedTables: Trimmed derived tables for 0.386 seconds
2022-06-08 15:18:42 INFO: BlockchainProcessorImpl$1.downloadPeer: Downloaded 719 blocks in 1 s, 641 per s, 6 min left
2022-06-08 15:18:43 INFO: BlockchainProcessorImpl.doTrimDerivedTables: Trimming derived tables at 31200
2022-06-08 15:18:43 INFO: BlockchainProcessorImpl.doTrimDerivedTables: Trimmed derived tables for 0.185 seconds
2022-06-08 15:18:43 INFO: BlockchainProcessorImpl$1.downloadPeer: Downloaded 719 blocks in 1 s, 640 per s, 6 min left
2022-06-08 15:18:44 INFO: BlockchainProcessorImpl.doTrimDerivedTables: Trimming derived tables at 32200
2022-06-08 15:18:44 INFO: BlockchainProcessorImpl.doTrimDerivedTables: Trimmed derived tables for 0.025 seconds
2022-06-08 15:18:44 INFO: BlockchainProcessorImpl$1.downloadPeer: Downloaded 719 blocks in 0 s, 642 per s, 6 min left
2022-06-08 15:18:45 INFO: BlockchainProcessorImpl$1.downloadPeer: Downloaded 719 blocks in 0 s, 644 per s, 6 min left
2022-06-08 15:18:46 INFO: BlockchainProcessorImpl.doTrimDerivedTables: Trimming derived tables at 33200
2022-06-08 15:18:46 INFO: BlockchainProcessorImpl.doTrimDerivedTables: Trimmed derived tables for 0.143 seconds
2022-06-08 15:18:46 INFO: BlockchainProcessorImpl$1.downloadPeer: Downloaded 719 blocks in 0 s, 647 per s, 6 min left
2022-06-08 15:18:47 INFO: BlockchainProcessorImpl.lambda$new$3: received block 35000
2022-06-08 15:18:47 INFO: BlockchainProcessorImpl.doTrimDerivedTables: Trimming derived tables at 34200
2022-06-08 15:18:47 INFO: BlockchainProcessorImpl.doTrimDerivedTables: Trimmed derived tables for 0.058 seconds
2022-06-08 15:18:47 INFO: BlockchainProcessorImpl$1.downloadPeer: Downloaded 719 blocks in 0 s, 649 per s, 6 min left
2022-06-08 15:18:49 INFO: BlockchainProcessorImpl$1.downloadPeer: Downloaded 719 blocks in 0 s, 651 per s, 6 min left
2022-06-08 15:18:49 INFO: BlockchainProcessorImpl.doTrimDerivedTables: Trimming derived tables at 35200
2022-06-08 15:18:49 INFO: BlockchainProcessorImpl.doTrimDerivedTables: Trimmed derived tables for 0.17 seconds
2022-06-08 15:18:49 INFO: BlockchainProcessorImpl$1.downloadPeer: Downloaded 719 blocks in 0 s, 653 per s, 6 min left
2022-06-08 15:18:50 INFO: BlockchainProcessorImpl.doTrimDerivedTables: Trimming derived tables at 36200
2022-06-08 15:18:50 INFO: BlockchainProcessorImpl.doTrimDerivedTables: Trimmed derived tables for 0.095 seconds
2022-06-08 15:18:50 INFO: BlockchainProcessorImpl$1.downloadPeer: Downloaded 719 blocks in 0 s, 656 per s, 6 min left
2022-06-08 15:18:51 INFO: BlockchainProcessorImpl.doTrimDerivedTables: Trimming derived tables at 37200
2022-06-08 15:18:51 INFO: BlockchainProcessorImpl.doTrimDerivedTables: Trimmed derived tables for 0.027 seconds
2022-06-08 15:18:51 INFO: BlockchainProcessorImpl$1.downloadPeer: Downloaded 719 blocks in 0 s, 657 per s, 6 min left
2022-06-08 15:18:53 INFO: BlockchainProcessorImpl$1.downloadPeer: Downloaded 719 blocks in 1 s, 654 per s, 6 min left
2022-06-08 15:18:54 INFO: BlockchainProcessorImpl.doTrimDerivedTables: Trimming derived tables at 38200
2022-06-08 15:18:54 INFO: BlockchainProcessorImpl.doTrimDerivedTables: Trimmed derived tables for 0.18 seconds
2022-06-08 15:18:54 INFO: BlockchainProcessorImpl$1.downloadPeer: Downloaded 719 blocks in 1 s, 654 per s, 6 min left
2022-06-08 15:18:55 INFO: BlockchainProcessorImpl.doTrimDerivedTables: Trimming derived tables at 39200
2022-06-08 15:18:55 INFO: BlockchainProcessorImpl.lambda$new$3: received block 40000
2022-06-08 15:18:55 INFO: BlockchainProcessorImpl.doTrimDerivedTables: Trimmed derived tables for 0.125 seconds
2022-06-08 15:18:55 INFO: BlockchainProcessorImpl$1.downloadPeer: Downloaded 719 blocks in 1 s, 654 per s, 6 min left
2022-06-08 15:18:56 INFO: BlockchainProcessorImpl$1.downloadPeer: Downloaded 719 blocks in 0 s, 656 per s, 6 min left
2022-06-08 15:18:57 INFO: BlockchainProcessorImpl.doTrimDerivedTables: Trimming derived tables at 40200
2022-06-08 15:18:57 INFO: BlockchainProcessorImpl.doTrimDerivedTables: Trimmed derived tables for 0.165 seconds
2022-06-08 15:18:57 INFO: BlockchainProcessorImpl$1.downloadPeer: Downloaded 719 blocks in 0 s, 657 per s, 6 min left
2022-06-08 15:18:58 INFO: BlockchainProcessorImpl.doTrimDerivedTables: Trimming derived tables at 41200
2022-06-08 15:18:58 INFO: BlockchainProcessorImpl.doTrimDerivedTables: Trimmed derived tables for 0.104 seconds
2022-06-08 15:18:58 INFO: BlockchainProcessorImpl$1.downloadPeer: Downloaded 719 blocks in 0 s, 659 per s, 6 min left
2022-06-08 15:18:59 INFO: BlockchainProcessorImpl.doTrimDerivedTables: Trimming derived tables at 42200
2022-06-08 15:18:59 INFO: BlockchainProcessorImpl.doTrimDerivedTables: Trimmed derived tables for 0.036 seconds
2022-06-08 15:18:59 INFO: BlockchainProcessorImpl$1.downloadPeer: Downloaded 719 blocks in 0 s, 661 per s, 6 min left
2022-06-08 15:19:00 INFO: BlockchainProcessorImpl$1.downloadPeer: Downloaded 719 blocks in 1 s, 661 per s, 6 min left
2022-06-08 15:19:01 INFO: BlockchainProcessorImpl.doTrimDerivedTables: Trimming derived tables at 43200
2022-06-08 15:19:02 INFO: BlockchainProcessorImpl.doTrimDerivedTables: Trimmed derived tables for 0.709 seconds
2022-06-08 15:19:02 INFO: BlockchainProcessorImpl$1.downloadPeer: Downloaded 719 blocks in 1 s, 657 per s, 6 min left
2022-06-08 15:19:03 INFO: BlockchainProcessorImpl.doTrimDerivedTables: Trimming derived tables at 44200
2022-06-08 15:19:03 INFO: BlockchainProcessorImpl.lambda$new$3: received block 45000
2022-06-08 15:19:03 INFO: BlockchainProcessorImpl.doTrimDerivedTables: Trimmed derived tables for 0.227 seconds
2022-06-08 15:19:03 INFO: BlockchainProcessorImpl$1.downloadPeer: Downloaded 719 blocks in 1 s, 656 per s, 6 min left
2022-06-08 15:19:04 INFO: BlockchainProcessorImpl.doTrimDerivedTables: Trimming derived tables at 45200
2022-06-08 15:19:04 INFO: BlockchainProcessorImpl.doTrimDerivedTables: Trimmed derived tables for 0.057 seconds
2022-06-08 15:19:05 INFO: BlockchainProcessorImpl$1.downloadPeer: Downloaded 719 blocks in 1 s, 655 per s, 6 min left
2022-06-08 15:19:06 INFO: BlockchainProcessorImpl$1.downloadPeer: Downloaded 719 blocks in 1 s, 651 per s, 6 min left
2022-06-08 15:19:07 INFO: BlockchainProcessorImpl.doTrimDerivedTables: Trimming derived tables at 46200
2022-06-08 15:19:07 INFO: BlockchainProcessorImpl.doTrimDerivedTables: Trimmed derived tables for 0.288 seconds
2022-06-08 15:19:08 INFO: BlockchainProcessorImpl$1.downloadPeer: Downloaded 719 blocks in 1 s, 650 per s, 6 min left
2022-06-08 15:19:08 INFO: BlockchainProcessorImpl.doTrimDerivedTables: Trimming derived tables at 47200
2022-06-08 15:19:09 INFO: BlockchainProcessorImpl.doTrimDerivedTables: Trimmed derived tables for 0.08 seconds
2022-06-08 15:19:09 INFO: BlockchainProcessorImpl$1.downloadPeer: Downloaded 719 blocks in 1 s, 650 per s, 6 min left
2022-06-08 15:19:10 INFO: BlockchainProcessorImpl$1.downloadPeer: Downloaded 719 blocks in 1 s, 651 per s, 6 min left
2022-06-08 15:19:11 INFO: BlockchainProcessorImpl.doTrimDerivedTables: Trimming derived tables at 48200
2022-06-08 15:19:11 INFO: BlockchainProcessorImpl.doTrimDerivedTables: Trimmed derived tables for 0.255 seconds
2022-06-08 15:19:11 INFO: BlockchainProcessorImpl$1.downloadPeer: Downloaded 719 blocks in 0 s, 652 per s, 6 min left
2022-06-08 15:19:12 INFO: BlockchainProcessorImpl.doTrimDerivedTables: Trimming derived tables at 49200
2022-06-08 15:19:12 INFO: BlockchainProcessorImpl.lambda$new$3: received block 50000
2022-06-08 15:19:12 INFO: BlockchainProcessorImpl.doTrimDerivedTables: Trimmed derived tables for 0.42 seconds
2022-06-08 15:19:12 INFO: BlockchainProcessorImpl$1.downloadPeer: Downloaded 719 blocks in 1 s, 651 per s, 6 min left
2022-06-08 15:19:13 INFO: BlockchainProcessorImpl.doTrimDerivedTables: Trimming derived tables at 50200
2022-06-08 15:19:13 INFO: BlockchainProcessorImpl.doTrimDerivedTables: Trimmed derived tables for 0.023 seconds
2022-06-08 15:19:14 INFO: BlockchainProcessorImpl$1.downloadPeer: Downloaded 719 blocks in 1 s, 651 per s, 6 min left
2022-06-08 15:19:15 INFO: BlockchainProcessorImpl$1.downloadPeer: Downloaded 719 blocks in 0 s, 652 per s, 6 min left
2022-06-08 15:19:15 INFO: BlockchainProcessorImpl.doTrimDerivedTables: Trimming derived tables at 51200
2022-06-08 15:19:16 INFO: BlockchainProcessorImpl.doTrimDerivedTables: Trimmed derived tables for 0.142 seconds
2022-06-08 15:19:16 INFO: BlockchainProcessorImpl$1.downloadPeer: Downloaded 719 blocks in 0 s, 653 per s, 6 min left
2022-06-08 15:19:17 INFO: BlockchainProcessorImpl.doTrimDerivedTables: Trimming derived tables at 52200
2022-06-08 15:19:17 INFO: BlockchainProcessorImpl.doTrimDerivedTables: Trimmed derived tables for 0.065 seconds
2022-06-08 15:19:17 INFO: BlockchainProcessorImpl$1.downloadPeer: Downloaded 719 blocks in 1 s, 653 per s, 6 min left
2022-06-08 15:19:18 INFO: BlockchainProcessorImpl$1.downloadPeer: Downloaded 719 blocks in 1 s, 654 per s, 5 min left
2022-06-08 15:19:19 INFO: BlockchainProcessorImpl.doTrimDerivedTables: Trimming derived tables at 53200
2022-06-08 15:19:19 INFO: BlockchainProcessorImpl.doTrimDerivedTables: Trimmed derived tables for 0.164 seconds
2022-06-08 15:19:19 INFO: BlockchainProcessorImpl$1.downloadPeer: Downloaded 719 blocks in 0 s, 655 per s, 5 min left
2022-06-08 15:19:20 INFO: BlockchainProcessorImpl.lambda$new$3: received block 55000
2022-06-08 15:19:20 INFO: BlockchainProcessorImpl.doTrimDerivedTables: Trimming derived tables at 54200
2022-06-08 15:19:20 INFO: BlockchainProcessorImpl.doTrimDerivedTables: Trimmed derived tables for 0.091 seconds
2022-06-08 15:19:20 INFO: BlockchainProcessorImpl$1.downloadPeer: Downloaded 719 blocks in 0 s, 656 per s, 5 min left
2022-06-08 15:19:21 INFO: BlockchainProcessorImpl.doTrimDerivedTables: Trimming derived tables at 55200
2022-06-08 15:19:21 INFO: BlockchainProcessorImpl.doTrimDerivedTables: Trimmed derived tables for 0.022 seconds
2022-06-08 15:19:21 INFO: BlockchainProcessorImpl$1.downloadPeer: Downloaded 719 blocks in 0 s, 657 per s, 5 min left
2022-06-08 15:19:22 INFO: BlockchainProcessorImpl$1.downloadPeer: Downloaded 719 blocks in 1 s, 657 per s, 5 min left
2022-06-08 15:19:23 INFO: BlockchainProcessorImpl.doTrimDerivedTables: Trimming derived tables at 56200
2022-06-08 15:19:23 INFO: BlockchainProcessorImpl.doTrimDerivedTables: Trimmed derived tables for 0.13 seconds
2022-06-08 15:19:23 INFO: BlockchainProcessorImpl$1.downloadPeer: Downloaded 719 blocks in 0 s, 659 per s, 5 min left
2022-06-08 15:19:24 INFO: BlockchainProcessorImpl.doTrimDerivedTables: Trimming derived tables at 57200
2022-06-08 15:19:24 INFO: BlockchainProcessorImpl.doTrimDerivedTables: Trimmed derived tables for 0.069 seconds
2022-06-08 15:19:24 INFO: BlockchainProcessorImpl$1.downloadPeer: Downloaded 719 blocks in 0 s, 660 per s, 5 min left
2022-06-08 15:19:26 INFO: BlockchainProcessorImpl$1.downloadPeer: Downloaded 719 blocks in 0 s, 661 per s, 5 min left
2022-06-08 15:19:26 INFO: BlockchainProcessorImpl.doTrimDerivedTables: Trimming derived tables at 58200
2022-06-08 15:19:26 INFO: BlockchainProcessorImpl.doTrimDerivedTables: Trimmed derived tables for 0.16 seconds
2022-06-08 15:19:27 INFO: BlockchainProcessorImpl$1.downloadPeer: Downloaded 719 blocks in 0 s, 662 per s, 5 min left
2022-06-08 15:19:27 INFO: BlockchainProcessorImpl.doTrimDerivedTables: Trimming derived tables at 59200
2022-06-08 15:19:27 INFO: BlockchainProcessorImpl.lambda$new$3: received block 60000
2022-06-08 15:19:27 INFO: BlockchainProcessorImpl.doTrimDerivedTables: Trimmed derived tables for 0.107 seconds
2022-06-08 15:19:28 INFO: BlockchainProcessorImpl$1.downloadPeer: Downloaded 719 blocks in 1 s, 662 per s, 5 min left
2022-06-08 15:19:29 INFO: BlockchainProcessorImpl.doTrimDerivedTables: Trimming derived tables at 60200
2022-06-08 15:19:29 INFO: BlockchainProcessorImpl.doTrimDerivedTables: Trimmed derived tables for 0.044 seconds
2022-06-08 15:19:29 INFO: BlockchainProcessorImpl$1.downloadPeer: Downloaded 719 blocks in 1 s, 663 per s, 5 min left
2022-06-08 15:19:30 INFO: BlockchainProcessorImpl$1.downloadPeer: Downloaded 719 blocks in 1 s, 663 per s, 5 min left
2022-06-08 15:19:31 INFO: BlockchainProcessorImpl.doTrimDerivedTables: Trimming derived tables at 61200
2022-06-08 15:19:31 INFO: BlockchainProcessorImpl.doTrimDerivedTables: Trimmed derived tables for 0.136 seconds
2022-06-08 15:19:31 INFO: BlockchainProcessorImpl$1.downloadPeer: Downloaded 719 blocks in 0 s, 664 per s, 5 min left
2022-06-08 15:19:32 INFO: BlockchainProcessorImpl.doTrimDerivedTables: Trimming derived tables at 62200
2022-06-08 15:19:32 INFO: BlockchainProcessorImpl.doTrimDerivedTables: Trimmed derived tables for 0.081 seconds
2022-06-08 15:19:32 INFO: BlockchainProcessorImpl$1.downloadPeer: Downloaded 719 blocks in 0 s, 666 per s, 5 min left
2022-06-08 15:19:33 INFO: BlockchainProcessorImpl$1.downloadPeer: Downloaded 719 blocks in 0 s, 667 per s, 5 min left
2022-06-08 15:19:34 INFO: BlockchainProcessorImpl.doTrimDerivedTables: Trimming derived tables at 63200
2022-06-08 15:19:34 INFO: BlockchainProcessorImpl.doTrimDerivedTables: Trimmed derived tables for 0.278 seconds
2022-06-08 15:19:35 INFO: BlockchainProcessorImpl$1.downloadPeer: Downloaded 719 blocks in 1 s, 665 per s, 5 min left
2022-06-08 15:19:35 INFO: BlockchainProcessorImpl.lambda$new$3: received block 65000
2022-06-08 15:19:35 INFO: BlockchainProcessorImpl.doTrimDerivedTables: Trimming derived tables at 64200
2022-06-08 15:19:35 INFO: BlockchainProcessorImpl.doTrimDerivedTables: Trimmed derived tables for 0.107 seconds
2022-06-08 15:19:36 INFO: BlockchainProcessorImpl$1.downloadPeer: Downloaded 719 blocks in 0 s, 666 per s, 5 min left
2022-06-08 15:19:37 INFO: BlockchainProcessorImpl.doTrimDerivedTables: Trimming derived tables at 65200
2022-06-08 15:19:37 INFO: BlockchainProcessorImpl.doTrimDerivedTables: Trimmed derived tables for 0.043 seconds
2022-06-08 15:19:37 INFO: BlockchainProcessorImpl$1.downloadPeer: Downloaded 719 blocks in 1 s, 666 per s, 5 min left
2022-06-08 15:19:38 INFO: BlockchainProcessorImpl$1.downloadPeer: Downloaded 719 blocks in 0 s, 667 per s, 5 min left
2022-06-08 15:19:38 INFO: BlockchainProcessorImpl.doTrimDerivedTables: Trimming derived tables at 66200
2022-06-08 15:19:39 INFO: BlockchainProcessorImpl.doTrimDerivedTables: Trimmed derived tables for 0.144 seconds
2022-06-08 15:19:39 INFO: BlockchainProcessorImpl$1.downloadPeer: Downloaded 719 blocks in 0 s, 668 per s, 5 min left
2022-06-08 15:19:40 INFO: BlockchainProcessorImpl.doTrimDerivedTables: Trimming derived tables at 67200
2022-06-08 15:19:40 INFO: BlockchainProcessorImpl.doTrimDerivedTables: Trimmed derived tables for 0.075 seconds
2022-06-08 15:19:40 INFO: BlockchainProcessorImpl$1.downloadPeer: Downloaded 719 blocks in 0 s, 669 per s, 5 min left
2022-06-08 15:19:41 INFO: BlockchainProcessorImpl.doTrimDerivedTables: Trimming derived tables at 68200
2022-06-08 15:19:41 INFO: BlockchainProcessorImpl.doTrimDerivedTables: Trimmed derived tables for 0.01 seconds
2022-06-08 15:19:41 INFO: BlockchainProcessorImpl$1.downloadPeer: Downloaded 719 blocks in 0 s, 670 per s, 5 min left
2022-06-08 15:19:42 INFO: BlockchainProcessorImpl$1.downloadPeer: Downloaded 719 blocks in 1 s, 670 per s, 5 min left
2022-06-08 15:19:43 INFO: BlockchainProcessorImpl.lambda$new$3: received block 70000
2022-06-08 15:19:43 INFO: BlockchainProcessorImpl.doTrimDerivedTables: Trimming derived tables at 69200
2022-06-08 15:19:43 INFO: BlockchainProcessorImpl.doTrimDerivedTables: Trimmed derived tables for 0.59 seconds
2022-06-08 15:19:44 INFO: BlockchainProcessorImpl$1.downloadPeer: Downloaded 719 blocks in 1 s, 668 per s, 5 min left
2022-06-08 15:19:44 INFO: BlockchainProcessorImpl.doTrimDerivedTables: Trimming derived tables at 70200
2022-06-08 15:19:45 INFO: BlockchainProcessorImpl.doTrimDerivedTables: Trimmed derived tables for 0.047 seconds
2022-06-08 15:19:45 INFO: BlockchainProcessorImpl$1.downloadPeer: Downloaded 719 blocks in 0 s, 669 per s, 5 min left
2022-06-08 15:19:46 INFO: BlockchainProcessorImpl$1.downloadPeer: Downloaded 719 blocks in 0 s, 669 per s, 5 min left
2022-06-08 15:19:47 INFO: BlockchainProcessorImpl.doTrimDerivedTables: Trimming derived tables at 71200
2022-06-08 15:19:47 INFO: BlockchainProcessorImpl.doTrimDerivedTables: Trimmed derived tables for 0.15 seconds
2022-06-08 15:19:47 INFO: BlockchainProcessorImpl$1.downloadPeer: Downloaded 719 blocks in 0 s, 670 per s, 5 min left
2022-06-08 15:19:48 INFO: BlockchainProcessorImpl.doTrimDerivedTables: Trimming derived tables at 72200
2022-06-08 15:19:48 INFO: BlockchainProcessorImpl.doTrimDerivedTables: Trimmed derived tables for 0.095 seconds
2022-06-08 15:19:48 INFO: BlockchainProcessorImpl$1.downloadPeer: Downloaded 719 blocks in 0 s, 671 per s, 5 min left
2022-06-08 15:19:49 INFO: BlockchainProcessorImpl.doTrimDerivedTables: Trimming derived tables at 73200
2022-06-08 15:19:49 INFO: BlockchainProcessorImpl.doTrimDerivedTables: Trimmed derived tables for 0.017 seconds
2022-06-08 15:19:49 INFO: BlockchainProcessorImpl$1.downloadPeer: Downloaded 719 blocks in 0 s, 672 per s, 5 min left
2022-06-08 15:19:50 INFO: BlockchainProcessorImpl$1.downloadPeer: Downloaded 719 blocks in 0 s, 673 per s, 5 min left
2022-06-08 15:19:51 INFO: BlockchainProcessorImpl.doTrimDerivedTables: Trimming derived tables at 74200
2022-06-08 15:19:51 INFO: BlockchainProcessorImpl.lambda$new$3: received block 75000
2022-06-08 15:19:51 INFO: BlockchainProcessorImpl.doTrimDerivedTables: Trimmed derived tables for 0.185 seconds
2022-06-08 15:19:51 INFO: BlockchainProcessorImpl$1.downloadPeer: Downloaded 719 blocks in 1 s, 673 per s, 5 min left
2022-06-08 15:19:52 INFO: BlockchainProcessorImpl.doTrimDerivedTables: Trimming derived tables at 75200
2022-06-08 15:19:52 INFO: BlockchainProcessorImpl.doTrimDerivedTables: Trimmed derived tables for 0.059 seconds
2022-06-08 15:19:52 INFO: BlockchainProcessorImpl$1.downloadPeer: Downloaded 719 blocks in 0 s, 673 per s, 5 min left
2022-06-08 15:19:53 INFO: BlockchainProcessorImpl$1.downloadPeer: Downloaded 719 blocks in 0 s, 674 per s, 5 min left
2022-06-08 15:19:54 INFO: BlockchainProcessorImpl.doTrimDerivedTables: Trimming derived tables at 76200
2022-06-08 15:19:54 INFO: BlockchainProcessorImpl.doTrimDerivedTables: Trimmed derived tables for 0.177 seconds
2022-06-08 15:19:55 INFO: BlockchainProcessorImpl$1.downloadPeer: Downloaded 719 blocks in 1 s, 674 per s, 5 min left
2022-06-08 15:19:55 INFO: BlockchainProcessorImpl.doTrimDerivedTables: Trimming derived tables at 77200
2022-06-08 15:19:55 INFO: BlockchainProcessorImpl.doTrimDerivedTables: Trimmed derived tables for 0.094 seconds
2022-06-08 15:19:56 INFO: BlockchainProcessorImpl$1.downloadPeer: Downloaded 719 blocks in 0 s, 675 per s, 5 min left
2022-06-08 15:19:56 INFO: BlockchainProcessorImpl.doTrimDerivedTables: Trimming derived tables at 78200
2022-06-08 15:19:56 INFO: BlockchainProcessorImpl.doTrimDerivedTables: Trimmed derived tables for 0.026 seconds
2022-06-08 15:19:57 INFO: BlockchainProcessorImpl$1.downloadPeer: Downloaded 719 blocks in 0 s, 676 per s, 5 min left
2022-06-08 15:19:58 INFO: BlockchainProcessorImpl$1.downloadPeer: Downloaded 719 blocks in 0 s, 677 per s, 5 min left
2022-06-08 15:19:58 INFO: BlockchainProcessorImpl.doTrimDerivedTables: Trimming derived tables at 79200
2022-06-08 15:19:58 INFO: BlockchainProcessorImpl.lambda$new$3: received block 80000
2022-06-08 15:19:59 INFO: BlockchainProcessorImpl.doTrimDerivedTables: Trimmed derived tables for 0.314 seconds
2022-06-08 15:19:59 INFO: BlockchainProcessorImpl$1.downloadPeer: Downloaded 719 blocks in 1 s, 677 per s, 5 min left
2022-06-08 15:20:00 INFO: BlockchainProcessorImpl.doTrimDerivedTables: Trimming derived tables at 80200
2022-06-08 15:20:00 INFO: BlockchainProcessorImpl.doTrimDerivedTables: Trimmed derived tables for 0.064 seconds
2022-06-08 15:20:00 INFO: BlockchainProcessorImpl$1.downloadPeer: Downloaded 719 blocks in 0 s, 678 per s, 5 min left
2022-06-08 15:20:01 INFO: BlockchainProcessorImpl$1.downloadPeer: Downloaded 719 blocks in 0 s, 679 per s, 5 min left
2022-06-08 15:20:02 INFO: BlockchainProcessorImpl.doTrimDerivedTables: Trimming derived tables at 81200
2022-06-08 15:20:02 INFO: BlockchainProcessorImpl.doTrimDerivedTables: Trimmed derived tables for 0.167 seconds
2022-06-08 15:20:02 INFO: BlockchainProcessorImpl$1.downloadPeer: Downloaded 719 blocks in 0 s, 680 per s, 5 min left
2022-06-08 15:20:03 INFO: BlockchainProcessorImpl.doTrimDerivedTables: Trimming derived tables at 82200
2022-06-08 15:20:03 INFO: BlockchainProcessorImpl.doTrimDerivedTables: Trimmed derived tables for 0.107 seconds
2022-06-08 15:20:03 INFO: BlockchainProcessorImpl$1.downloadPeer: Downloaded 719 blocks in 0 s, 681 per s, 5 min left
2022-06-08 15:20:04 INFO: BlockchainProcessorImpl.doTrimDerivedTables: Trimming derived tables at 83200
2022-06-08 15:20:04 INFO: BlockchainProcessorImpl.doTrimDerivedTables: Trimmed derived tables for 0.034 seconds
2022-06-08 15:20:04 INFO: BlockchainProcessorImpl$1.downloadPeer: Downloaded 719 blocks in 0 s, 681 per s, 5 min left
2022-06-08 15:20:05 INFO: BlockchainProcessorImpl$1.downloadPeer: Downloaded 719 blocks in 0 s, 682 per s, 4 min left
2022-06-08 15:20:06 INFO: BlockchainProcessorImpl.lambda$new$3: received block 85000
2022-06-08 15:20:06 INFO: BlockchainProcessorImpl.doTrimDerivedTables: Trimming derived tables at 84200
2022-06-08 15:20:07 INFO: BlockchainProcessorImpl.doTrimDerivedTables: Trimmed derived tables for 0.358 seconds
2022-06-08 15:20:07 INFO: BlockchainProcessorImpl$1.downloadPeer: Downloaded 719 blocks in 1 s, 680 per s, 4 min left
2022-06-08 15:20:08 INFO: BlockchainProcessorImpl.doTrimDerivedTables: Trimming derived tables at 85200
2022-06-08 15:20:08 INFO: BlockchainProcessorImpl.doTrimDerivedTables: Trimmed derived tables for 0.149 seconds
2022-06-08 15:20:08 INFO: BlockchainProcessorImpl$1.downloadPeer: Downloaded 719 blocks in 1 s, 680 per s, 4 min left
2022-06-08 15:20:09 INFO: BlockchainProcessorImpl$1.downloadPeer: Downloaded 719 blocks in 0 s, 681 per s, 4 min left
2022-06-08 15:20:10 INFO: BlockchainProcessorImpl.doTrimDerivedTables: Trimming derived tables at 86200
2022-06-08 15:20:10 INFO: BlockchainProcessorImpl.doTrimDerivedTables: Trimmed derived tables for 0.177 seconds
2022-06-08 15:20:10 INFO: BlockchainProcessorImpl$1.downloadPeer: Downloaded 719 blocks in 0 s, 682 per s, 4 min left
2022-06-08 15:20:11 INFO: BlockchainProcessorImpl.doTrimDerivedTables: Trimming derived tables at 87200
2022-06-08 15:20:11 INFO: BlockchainProcessorImpl.doTrimDerivedTables: Trimmed derived tables for 0.109 seconds
2022-06-08 15:20:11 INFO: BlockchainProcessorImpl$1.downloadPeer: Downloaded 719 blocks in 1 s, 682 per s, 4 min left
2022-06-08 15:20:12 INFO: BlockchainProcessorImpl.doTrimDerivedTables: Trimming derived tables at 88200
2022-06-08 15:20:12 INFO: BlockchainProcessorImpl.doTrimDerivedTables: Trimmed derived tables for 0.081 seconds
2022-06-08 15:20:13 INFO: BlockchainProcessorImpl$1.downloadPeer: Downloaded 719 blocks in 1 s, 680 per s, 4 min left
2022-06-08 15:20:14 INFO: BlockchainProcessorImpl$1.downloadPeer: Downloaded 719 blocks in 0 s, 681 per s, 4 min left
2022-06-08 15:20:15 INFO: BlockchainProcessorImpl.lambda$new$3: received block 90000
2022-06-08 15:20:15 INFO: BlockchainProcessorImpl.doTrimDerivedTables: Trimming derived tables at 89200
2022-06-08 15:20:15 INFO: BlockchainProcessorImpl.doTrimDerivedTables: Trimmed derived tables for 0.203 seconds
2022-06-08 15:20:15 INFO: BlockchainProcessorImpl$1.downloadPeer: Downloaded 719 blocks in 0 s, 681 per s, 4 min left
2022-06-08 15:20:16 INFO: BlockchainProcessorImpl.doTrimDerivedTables: Trimming derived tables at 90200
2022-06-08 15:20:16 INFO: BlockchainProcessorImpl.doTrimDerivedTables: Trimmed derived tables for 0.078 seconds
2022-06-08 15:20:16 INFO: BlockchainProcessorImpl$1.downloadPeer: Downloaded 719 blocks in 0 s, 682 per s, 4 min left
2022-06-08 15:20:17 INFO: BlockchainProcessorImpl.doTrimDerivedTables: Trimming derived tables at 91200
2022-06-08 15:20:17 INFO: BlockchainProcessorImpl.doTrimDerivedTables: Trimmed derived tables for 0.015 seconds
2022-06-08 15:20:17 INFO: BlockchainProcessorImpl$1.downloadPeer: Downloaded 719 blocks in 0 s, 683 per s, 4 min left
2022-06-08 15:20:18 INFO: BlockchainProcessorImpl$1.downloadPeer: Downloaded 719 blocks in 0 s, 683 per s, 4 min left
2022-06-08 15:20:19 INFO: BlockchainProcessorImpl.doTrimDerivedTables: Trimming derived tables at 92200
2022-06-08 15:20:19 INFO: BlockchainProcessorImpl.doTrimDerivedTables: Trimmed derived tables for 0.121 seconds
2022-06-08 15:20:19 INFO: BlockchainProcessorImpl$1.downloadPeer: Downloaded 719 blocks in 0 s, 685 per s, 4 min left
2022-06-08 15:20:20 INFO: BlockchainProcessorImpl.doTrimDerivedTables: Trimming derived tables at 93200
2022-06-08 15:20:20 INFO: BlockchainProcessorImpl.doTrimDerivedTables: Trimmed derived tables for 0.048 seconds
2022-06-08 15:20:21 INFO: BlockchainProcessorImpl$1.downloadPeer: Downloaded 719 blocks in 1 s, 684 per s, 4 min left
2022-06-08 15:20:22 INFO: BlockchainProcessorImpl$1.downloadPeer: Downloaded 719 blocks in 0 s, 684 per s, 4 min left
2022-06-08 15:20:22 INFO: BlockchainProcessorImpl.doTrimDerivedTables: Trimming derived tables at 94200
2022-06-08 15:20:22 INFO: BlockchainProcessorImpl.lambda$new$3: received block 95000
2022-06-08 15:20:23 INFO: BlockchainProcessorImpl.doTrimDerivedTables: Trimmed derived tables for 0.166 seconds
2022-06-08 15:20:23 INFO: BlockchainProcessorImpl$1.downloadPeer: Downloaded 719 blocks in 0 s, 685 per s, 4 min left
2022-06-08 15:20:24 INFO: BlockchainProcessorImpl.doTrimDerivedTables: Trimming derived tables at 95200
2022-06-08 15:20:24 INFO: BlockchainProcessorImpl.doTrimDerivedTables: Trimmed derived tables for 0.087 seconds
2022-06-08 15:20:24 INFO: BlockchainProcessorImpl$1.downloadPeer: Downloaded 719 blocks in 0 s, 686 per s, 4 min left
2022-06-08 15:20:25 INFO: BlockchainProcessorImpl.doTrimDerivedTables: Trimming derived tables at 96200
2022-06-08 15:20:25 INFO: BlockchainProcessorImpl.doTrimDerivedTables: Trimmed derived tables for 0.019 seconds
2022-06-08 15:20:25 INFO: BlockchainProcessorImpl$1.downloadPeer: Downloaded 719 blocks in 0 s, 687 per s, 4 min left
2022-06-08 15:20:26 INFO: BlockchainProcessorImpl$1.downloadPeer: Downloaded 719 blocks in 0 s, 687 per s, 4 min left
2022-06-08 15:20:27 INFO: BlockchainProcessorImpl.doTrimDerivedTables: Trimming derived tables at 97200
2022-06-08 15:20:27 INFO: BlockchainProcessorImpl.doTrimDerivedTables: Trimmed derived tables for 0.138 seconds
2022-06-08 15:20:27 INFO: BlockchainProcessorImpl$1.downloadPeer: Downloaded 719 blocks in 0 s, 688 per s, 4 min left
2022-06-08 15:20:28 INFO: BlockchainProcessorImpl.doTrimDerivedTables: Trimming derived tables at 98200
2022-06-08 15:20:28 INFO: BlockchainProcessorImpl.doTrimDerivedTables: Trimmed derived tables for 0.059 seconds
2022-06-08 15:20:28 INFO: BlockchainProcessorImpl$1.downloadPeer: Downloaded 719 blocks in 0 s, 689 per s, 4 min left
2022-06-08 15:20:29 INFO: BlockchainProcessorImpl$1.downloadPeer: Downloaded 719 blocks in 1 s, 689 per s, 4 min left
2022-06-08 15:20:30 INFO: BlockchainProcessorImpl.doTrimDerivedTables: Trimming derived tables at 99200
2022-06-08 15:20:30 INFO: BlockchainProcessorImpl.lambda$new$3: received block 100000
2022-06-08 15:20:30 INFO: BlockchainProcessorImpl.doTrimDerivedTables: Trimmed derived tables for 0.265 seconds
2022-06-08 15:20:31 INFO: BlockchainProcessorImpl$1.downloadPeer: Downloaded 719 blocks in 1 s, 689 per s, 4 min left
2022-06-08 15:20:31 INFO: BlockchainProcessorImpl.doTrimDerivedTables: Trimming derived tables at 100200
2022-06-08 15:20:31 INFO: BlockchainProcessorImpl.doTrimDerivedTables: Trimmed derived tables for 0.108 seconds
2022-06-08 15:20:32 INFO: BlockchainProcessorImpl$1.downloadPeer: Downloaded 719 blocks in 0 s, 689 per s, 4 min left
2022-06-08 15:20:33 INFO: BlockchainProcessorImpl.doTrimDerivedTables: Trimming derived tables at 101200
2022-06-08 15:20:33 INFO: BlockchainProcessorImpl.doTrimDerivedTables: Trimmed derived tables for 0.075 seconds
2022-06-08 15:20:33 INFO: BlockchainProcessorImpl$1.downloadPeer: Downloaded 719 blocks in 1 s, 689 per s, 4 min left
2022-06-08 15:20:34 INFO: BlockchainProcessorImpl$1.downloadPeer: Downloaded 719 blocks in 1 s, 689 per s, 4 min left
2022-06-08 15:20:35 INFO: BlockchainProcessorImpl.doTrimDerivedTables: Trimming derived tables at 102200
2022-06-08 15:20:37 INFO: BlockchainProcessorImpl.doTrimDerivedTables: Trimmed derived tables for 2.076 seconds
2022-06-08 15:20:38 INFO: BlockchainProcessorImpl$1.downloadPeer: Downloaded 719 blocks in 3 s, 678 per s, 4 min left
2022-06-08 15:20:40 INFO: BlockchainProcessorImpl.doTrimDerivedTables: Trimming derived tables at 103200
2022-06-08 15:20:41 INFO: BlockchainProcessorImpl.doTrimDerivedTables: Trimmed derived tables for 0.075 seconds
2022-06-08 15:20:41 INFO: BlockchainProcessorImpl$1.downloadPeer: Downloaded 719 blocks in 2 s, 670 per s, 4 min left
2022-06-08 15:20:42 INFO: BlockchainProcessorImpl$1.downloadPeer: Downloaded 719 blocks in 0 s, 671 per s, 4 min left
2022-06-08 15:20:43 INFO: BlockchainProcessorImpl.lambda$new$3: received block 105000
2022-06-08 15:20:43 INFO: BlockchainProcessorImpl.doTrimDerivedTables: Trimming derived tables at 104200
2022-06-08 15:20:46 INFO: BlockchainProcessorImpl.doTrimDerivedTables: Trimmed derived tables for 2.541 seconds
2022-06-08 15:20:46 INFO: BlockchainProcessorImpl$1.downloadPeer: Downloaded 719 blocks in 3 s, 660 per s, 4 min left
2022-06-08 15:20:47 INFO: BlockchainProcessorImpl.doTrimDerivedTables: Trimming derived tables at 105200
2022-06-08 15:20:47 INFO: BlockchainProcessorImpl.doTrimDerivedTables: Trimmed derived tables for 0.146 seconds
2022-06-08 15:20:47 INFO: BlockchainProcessorImpl$1.downloadPeer: Downloaded 719 blocks in 1 s, 660 per s, 4 min left
2022-06-08 15:20:49 INFO: BlockchainProcessorImpl.doTrimDerivedTables: Trimming derived tables at 106200
2022-06-08 15:20:49 INFO: BlockchainProcessorImpl.doTrimDerivedTables: Trimmed derived tables for 0.108 seconds
2022-06-08 15:20:49 INFO: BlockchainProcessorImpl$1.downloadPeer: Downloaded 719 blocks in 2 s, 655 per s, 4 min left
2022-06-08 15:20:51 INFO: BlockchainProcessorImpl$1.downloadPeer: Downloaded 719 blocks in 0 s, 656 per s, 4 min left
2022-06-08 15:20:51 INFO: BlockchainProcessorImpl.doTrimDerivedTables: Trimming derived tables at 107200
2022-06-08 15:20:51 INFO: BlockchainProcessorImpl.doTrimDerivedTables: Trimmed derived tables for 0.168 seconds
2022-06-08 15:20:52 INFO: BlockchainProcessorImpl$1.downloadPeer: Downloaded 719 blocks in 0 s, 657 per s, 4 min left
2022-06-08 15:20:53 INFO: BlockchainProcessorImpl.doTrimDerivedTables: Trimming derived tables at 108200
2022-06-08 15:20:53 INFO: BlockchainProcessorImpl.doTrimDerivedTables: Trimmed derived tables for 0.15 seconds
2022-06-08 15:20:53 INFO: BlockchainProcessorImpl$1.downloadPeer: Downloaded 719 blocks in 1 s, 656 per s, 4 min left
2022-06-08 15:20:54 INFO: BlockchainProcessorImpl.lambda$new$3: received block 110000
2022-06-08 15:20:54 INFO: BlockchainProcessorImpl.doTrimDerivedTables: Trimming derived tables at 109200
2022-06-08 15:20:54 INFO: BlockchainProcessorImpl.doTrimDerivedTables: Trimmed derived tables for 0.014 seconds
2022-06-08 15:20:54 INFO: BlockchainProcessorImpl$1.downloadPeer: Downloaded 719 blocks in 0 s, 657 per s, 4 min left
2022-06-08 15:20:55 INFO: BlockchainProcessorImpl$1.downloadPeer: Downloaded 719 blocks in 0 s, 658 per s, 4 min left
2022-06-08 15:20:56 INFO: BlockchainProcessorImpl.doTrimDerivedTables: Trimming derived tables at 110200
2022-06-08 15:20:56 INFO: BlockchainProcessorImpl.doTrimDerivedTables: Trimmed derived tables for 0.139 seconds
2022-06-08 15:20:56 INFO: BlockchainProcessorImpl$1.downloadPeer: Downloaded 719 blocks in 0 s, 658 per s, 4 min left
2022-06-08 15:20:57 INFO: BlockchainProcessorImpl.doTrimDerivedTables: Trimming derived tables at 111200
2022-06-08 15:20:57 INFO: BlockchainProcessorImpl.doTrimDerivedTables: Trimmed derived tables for 0.06 seconds
2022-06-08 15:20:57 INFO: BlockchainProcessorImpl$1.downloadPeer: Downloaded 719 blocks in 0 s, 659 per s, 4 min left
2022-06-08 15:20:59 INFO: BlockchainProcessorImpl$1.downloadPeer: Downloaded 719 blocks in 0 s, 659 per s, 4 min left
2022-06-08 15:20:59 INFO: BlockchainProcessorImpl.doTrimDerivedTables: Trimming derived tables at 112200
2022-06-08 15:20:59 INFO: BlockchainProcessorImpl.doTrimDerivedTables: Trimmed derived tables for 0.168 seconds
2022-06-08 15:21:00 INFO: BlockchainProcessorImpl$1.downloadPeer: Downloaded 719 blocks in 0 s, 660 per s, 4 min left
2022-06-08 15:21:00 INFO: BlockchainProcessorImpl.doTrimDerivedTables: Trimming derived tables at 113200
2022-06-08 15:21:01 INFO: BlockchainProcessorImpl.doTrimDerivedTables: Trimmed derived tables for 0.098 seconds
2022-06-08 15:21:01 INFO: BlockchainProcessorImpl$1.downloadPeer: Downloaded 719 blocks in 0 s, 660 per s, 4 min left
2022-06-08 15:21:02 INFO: BlockchainProcessorImpl.lambda$new$3: received block 115000
2022-06-08 15:21:02 INFO: BlockchainProcessorImpl.doTrimDerivedTables: Trimming derived tables at 114200
2022-06-08 15:21:02 INFO: BlockchainProcessorImpl.doTrimDerivedTables: Trimmed derived tables for 0.022 seconds
2022-06-08 15:21:02 INFO: BlockchainProcessorImpl$1.downloadPeer: Downloaded 719 blocks in 0 s, 661 per s, 4 min left
2022-06-08 15:21:03 INFO: BlockchainProcessorImpl$1.downloadPeer: Downloaded 719 blocks in 0 s, 661 per s, 4 min left
2022-06-08 15:21:04 INFO: BlockchainProcessorImpl.doTrimDerivedTables: Trimming derived tables at 115200
2022-06-08 15:21:04 INFO: BlockchainProcessorImpl.doTrimDerivedTables: Trimmed derived tables for 0.163 seconds
2022-06-08 15:21:04 INFO: BlockchainProcessorImpl$1.downloadPeer: Downloaded 719 blocks in 0 s, 662 per s, 4 min left
2022-06-08 15:21:05 INFO: BlockchainProcessorImpl.doTrimDerivedTables: Trimming derived tables at 116200
2022-06-08 15:21:05 INFO: BlockchainProcessorImpl.doTrimDerivedTables: Trimmed derived tables for 0.063 seconds
2022-06-08 15:21:05 INFO: BlockchainProcessorImpl$1.downloadPeer: Downloaded 719 blocks in 0 s, 662 per s, 4 min left
2022-06-08 15:21:07 INFO: BlockchainProcessorImpl$1.downloadPeer: Downloaded 719 blocks in 1 s, 662 per s, 4 min left
2022-06-08 15:21:07 INFO: BlockchainProcessorImpl.doTrimDerivedTables: Trimming derived tables at 117200
2022-06-08 15:21:08 INFO: BlockchainProcessorImpl.doTrimDerivedTables: Trimmed derived tables for 0.199 seconds
2022-06-08 15:21:08 INFO: BlockchainProcessorImpl$1.downloadPeer: Downloaded 719 blocks in 0 s, 663 per s, 4 min left
2022-06-08 15:21:09 INFO: BlockchainProcessorImpl.doTrimDerivedTables: Trimming derived tables at 118200
2022-06-08 15:21:09 INFO: BlockchainProcessorImpl.doTrimDerivedTables: Trimmed derived tables for 0.107 seconds
2022-06-08 15:21:09 INFO: BlockchainProcessorImpl$1.downloadPeer: Downloaded 719 blocks in 0 s, 663 per s, 4 min left
2022-06-08 15:21:10 INFO: BlockchainProcessorImpl.lambda$new$3: received block 120000
2022-06-08 15:21:10 INFO: BlockchainProcessorImpl.doTrimDerivedTables: Trimming derived tables at 119200
2022-06-08 15:21:10 INFO: BlockchainProcessorImpl.doTrimDerivedTables: Trimmed derived tables for 0.035 seconds
2022-06-08 15:21:10 INFO: BlockchainProcessorImpl$1.downloadPeer: Downloaded 719 blocks in 0 s, 664 per s, 4 min left
2022-06-08 15:21:12 INFO: BlockchainProcessorImpl$1.downloadPeer: Downloaded 719 blocks in 1 s, 663 per s, 4 min left
2022-06-08 15:21:12 INFO: BlockchainProcessorImpl.doTrimDerivedTables: Trimming derived tables at 120200
2022-06-08 15:21:13 INFO: BlockchainProcessorImpl.doTrimDerivedTables: Trimmed derived tables for 0.454 seconds
2022-06-08 15:21:13 INFO: BlockchainProcessorImpl$1.downloadPeer: Downloaded 719 blocks in 1 s, 663 per s, 4 min left
2022-06-08 15:21:14 INFO: BlockchainProcessorImpl.doTrimDerivedTables: Trimming derived tables at 121200
2022-06-08 15:21:14 INFO: BlockchainProcessorImpl.doTrimDerivedTables: Trimmed derived tables for 0.083 seconds
2022-06-08 15:21:14 INFO: BlockchainProcessorImpl$1.downloadPeer: Downloaded 719 blocks in 0 s, 663 per s, 4 min left
2022-06-08 15:21:15 INFO: BlockchainProcessorImpl$1.downloadPeer: Downloaded 719 blocks in 0 s, 663 per s, 4 min left
2022-06-08 15:21:16 INFO: BlockchainProcessorImpl.doTrimDerivedTables: Trimming derived tables at 122200
2022-06-08 15:21:16 INFO: BlockchainProcessorImpl.doTrimDerivedTables: Trimmed derived tables for 0.202 seconds
2022-06-08 15:21:17 INFO: BlockchainProcessorImpl$1.downloadPeer: Downloaded 719 blocks in 0 s, 664 per s, 4 min left
2022-06-08 15:21:17 INFO: BlockchainProcessorImpl.doTrimDerivedTables: Trimming derived tables at 123200
2022-06-08 15:21:17 INFO: BlockchainProcessorImpl.doTrimDerivedTables: Trimmed derived tables for 0.116 seconds
2022-06-08 15:21:18 INFO: BlockchainProcessorImpl$1.downloadPeer: Downloaded 719 blocks in 0 s, 664 per s, 4 min left
2022-06-08 15:21:19 INFO: BlockchainProcessorImpl.lambda$new$3: received block 125000
2022-06-08 15:21:19 INFO: BlockchainProcessorImpl.doTrimDerivedTables: Trimming derived tables at 124200
2022-06-08 15:21:19 INFO: BlockchainProcessorImpl.doTrimDerivedTables: Trimmed derived tables for 0.045 seconds
2022-06-08 15:21:19 INFO: BlockchainProcessorImpl$1.downloadPeer: Downloaded 719 blocks in 0 s, 665 per s, 4 min left
2022-06-08 15:21:20 INFO: BlockchainProcessorImpl$1.downloadPeer: Downloaded 719 blocks in 0 s, 666 per s, 4 min left
2022-06-08 15:21:21 INFO: BlockchainProcessorImpl.doTrimDerivedTables: Trimming derived tables at 125200
2022-06-08 15:21:21 INFO: BlockchainProcessorImpl.doTrimDerivedTables: Trimmed derived tables for 0.163 seconds
2022-06-08 15:21:21 INFO: BlockchainProcessorImpl$1.downloadPeer: Downloaded 719 blocks in 0 s, 666 per s, 4 min left
2022-06-08 15:21:22 INFO: BlockchainProcessorImpl.doTrimDerivedTables: Trimming derived tables at 126200
2022-06-08 15:21:22 INFO: BlockchainProcessorImpl.doTrimDerivedTables: Trimmed derived tables for 0.271 seconds
2022-06-08 15:21:22 INFO: BlockchainProcessorImpl$1.downloadPeer: Downloaded 719 blocks in 1 s, 666 per s, 4 min left
2022-06-08 15:21:24 INFO: BlockchainProcessorImpl$1.downloadPeer: Downloaded 719 blocks in 1 s, 666 per s, 4 min left
2022-06-08 15:21:24 INFO: BlockchainProcessorImpl.doTrimDerivedTables: Trimming derived tables at 127200
2022-06-08 15:21:25 INFO: BlockchainProcessorImpl.doTrimDerivedTables: Trimmed derived tables for 0.215 seconds
2022-06-08 15:21:25 INFO: BlockchainProcessorImpl$1.downloadPeer: Downloaded 719 blocks in 0 s, 666 per s, 4 min left
2022-06-08 15:21:26 INFO: BlockchainProcessorImpl.doTrimDerivedTables: Trimming derived tables at 128200
2022-06-08 15:21:26 INFO: BlockchainProcessorImpl.doTrimDerivedTables: Trimmed derived tables for 0.131 seconds
2022-06-08 15:21:26 INFO: BlockchainProcessorImpl$1.downloadPeer: Downloaded 719 blocks in 0 s, 667 per s, 3 min left
2022-06-08 15:21:27 INFO: BlockchainProcessorImpl.lambda$new$3: received block 130000
2022-06-08 15:21:27 INFO: BlockchainProcessorImpl.doTrimDerivedTables: Trimming derived tables at 129200
2022-06-08 15:21:27 INFO: BlockchainProcessorImpl.doTrimDerivedTables: Trimmed derived tables for 0.05 seconds
2022-06-08 15:21:27 INFO: BlockchainProcessorImpl$1.downloadPeer: Downloaded 719 blocks in 0 s, 667 per s, 3 min left
2022-06-08 15:21:28 INFO: BlockchainProcessorImpl$1.downloadPeer: Downloaded 719 blocks in 0 s, 668 per s, 3 min left
2022-06-08 15:21:29 INFO: BlockchainProcessorImpl.doTrimDerivedTables: Trimming derived tables at 130200
2022-06-08 15:21:29 INFO: BlockchainProcessorImpl.doTrimDerivedTables: Trimmed derived tables for 0.174 seconds
2022-06-08 15:21:30 INFO: BlockchainProcessorImpl$1.downloadPeer: Downloaded 719 blocks in 0 s, 668 per s, 3 min left
2022-06-08 15:21:30 INFO: BlockchainProcessorImpl.doTrimDerivedTables: Trimming derived tables at 131200
2022-06-08 15:21:30 INFO: BlockchainProcessorImpl.doTrimDerivedTables: Trimmed derived tables for 0.089 seconds
2022-06-08 15:21:31 INFO: BlockchainProcessorImpl$1.downloadPeer: Downloaded 719 blocks in 0 s, 669 per s, 3 min left
2022-06-08 15:21:32 INFO: BlockchainProcessorImpl.doTrimDerivedTables: Trimming derived tables at 132200
2022-06-08 15:21:32 INFO: BlockchainProcessorImpl.doTrimDerivedTables: Trimmed derived tables for 0.017 seconds
2022-06-08 15:21:32 INFO: BlockchainProcessorImpl$1.downloadPeer: Downloaded 719 blocks in 0 s, 669 per s, 3 min left
2022-06-08 15:21:33 INFO: BlockchainProcessorImpl$1.downloadPeer: Downloaded 719 blocks in 1 s, 669 per s, 3 min left
2022-06-08 15:21:34 INFO: BlockchainProcessorImpl.doTrimDerivedTables: Trimming derived tables at 133200
2022-06-08 15:21:34 INFO: BlockchainProcessorImpl.doTrimDerivedTables: Trimmed derived tables for 0.174 seconds
2022-06-08 15:21:34 INFO: BlockchainProcessorImpl$1.downloadPeer: Downloaded 719 blocks in 0 s, 669 per s, 3 min left
2022-06-08 15:21:35 INFO: BlockchainProcessorImpl.lambda$new$3: received block 135000
2022-06-08 15:21:35 INFO: BlockchainProcessorImpl.doTrimDerivedTables: Trimming derived tables at 134200
2022-06-08 15:21:35 INFO: BlockchainProcessorImpl.doTrimDerivedTables: Trimmed derived tables for 0.057 seconds
2022-06-08 15:21:36 INFO: BlockchainProcessorImpl$1.downloadPeer: Downloaded 719 blocks in 0 s, 670 per s, 3 min left
2022-06-08 15:21:37 INFO: BlockchainProcessorImpl$1.downloadPeer: Downloaded 719 blocks in 1 s, 670 per s, 3 min left
2022-06-08 15:21:38 INFO: BlockchainProcessorImpl.doTrimDerivedTables: Trimming derived tables at 135200
2022-06-08 15:21:38 INFO: BlockchainProcessorImpl.doTrimDerivedTables: Trimmed derived tables for 0.496 seconds
2022-06-08 15:21:39 INFO: BlockchainProcessorImpl$1.downloadPeer: Downloaded 719 blocks in 1 s, 669 per s, 3 min left
2022-06-08 15:21:39 INFO: BlockchainProcessorImpl.doTrimDerivedTables: Trimming derived tables at 136200
2022-06-08 15:21:40 INFO: BlockchainProcessorImpl.doTrimDerivedTables: Trimmed derived tables for 0.145 seconds
2022-06-08 15:21:40 INFO: BlockchainProcessorImpl$1.downloadPeer: Downloaded 719 blocks in 0 s, 669 per s, 3 min left
2022-06-08 15:21:41 INFO: BlockchainProcessorImpl.doTrimDerivedTables: Trimming derived tables at 137200
2022-06-08 15:21:41 INFO: BlockchainProcessorImpl.doTrimDerivedTables: Trimmed derived tables for 0.026 seconds
2022-06-08 15:21:41 INFO: BlockchainProcessorImpl$1.downloadPeer: Downloaded 719 blocks in 1 s, 669 per s, 3 min left
2022-06-08 15:21:43 INFO: BlockchainProcessorImpl$1.downloadPeer: Downloaded 719 blocks in 1 s, 669 per s, 3 min left
2022-06-08 15:21:43 INFO: BlockchainProcessorImpl.doTrimDerivedTables: Trimming derived tables at 138200
2022-06-08 15:21:44 INFO: BlockchainProcessorImpl.doTrimDerivedTables: Trimmed derived tables for 0.842 seconds
2022-06-08 15:21:45 INFO: BlockchainProcessorImpl$1.downloadPeer: Downloaded 719 blocks in 1 s, 666 per s, 3 min left
2022-06-08 15:21:46 INFO: BlockchainProcessorImpl.lambda$new$3: received block 140000
2022-06-08 15:21:46 INFO: BlockchainProcessorImpl.doTrimDerivedTables: Trimming derived tables at 139200
2022-06-08 15:21:46 INFO: BlockchainProcessorImpl.doTrimDerivedTables: Trimmed derived tables for 0.077 seconds
2022-06-08 15:21:46 INFO: BlockchainProcessorImpl$1.downloadPeer: Downloaded 719 blocks in 1 s, 664 per s, 3 min left
2022-06-08 15:21:49 INFO: BlockchainProcessorImpl$1.downloadPeer: Downloaded 719 blocks in 2 s, 661 per s, 3 min left
2022-06-08 15:21:50 INFO: BlockchainProcessorImpl.doTrimDerivedTables: Trimming derived tables at 140200
2022-06-08 15:21:51 INFO: BlockchainProcessorImpl.doTrimDerivedTables: Trimmed derived tables for 0.987 seconds
2022-06-08 15:21:51 INFO: BlockchainProcessorImpl$1.downloadPeer: Downloaded 719 blocks in 1 s, 658 per s, 3 min left
2022-06-08 15:21:52 INFO: BlockchainProcessorImpl.doTrimDerivedTables: Trimming derived tables at 141200
2022-06-08 15:21:54 INFO: BlockchainProcessorImpl.doTrimDerivedTables: Trimmed derived tables for 1.718 seconds
2022-06-08 15:21:54 INFO: BlockchainProcessorImpl$1.downloadPeer: Downloaded 719 blocks in 2 s, 653 per s, 3 min left
2022-06-08 15:21:55 INFO: BlockchainProcessorImpl.doTrimDerivedTables: Trimming derived tables at 142200
2022-06-08 15:21:55 INFO: BlockchainProcessorImpl.doTrimDerivedTables: Trimmed derived tables for 0.044 seconds
2022-06-08 15:21:55 INFO: BlockchainProcessorImpl$1.downloadPeer: Downloaded 719 blocks in 1 s, 653 per s, 3 min left
2022-06-08 15:21:57 INFO: BlockchainProcessorImpl$1.downloadPeer: Downloaded 719 blocks in 1 s, 653 per s, 3 min left
2022-06-08 15:21:58 INFO: BlockchainProcessorImpl.doTrimDerivedTables: Trimming derived tables at 143200
2022-06-08 15:21:59 INFO: BlockchainProcessorImpl.doTrimDerivedTables: Trimmed derived tables for 1.887 seconds
2022-06-08 15:22:00 INFO: BlockchainProcessorImpl$1.downloadPeer: Downloaded 719 blocks in 2 s, 649 per s, 3 min left
2022-06-08 15:22:01 INFO: BlockchainProcessorImpl.lambda$new$3: received block 145000
2022-06-08 15:22:01 INFO: BlockchainProcessorImpl.doTrimDerivedTables: Trimming derived tables at 144200
2022-06-08 15:22:01 INFO: BlockchainProcessorImpl.doTrimDerivedTables: Trimmed derived tables for 0.079 seconds
2022-06-08 15:22:01 INFO: BlockchainProcessorImpl$1.downloadPeer: Downloaded 719 blocks in 1 s, 649 per s, 3 min left
2022-06-08 15:22:02 INFO: BlockchainProcessorImpl$1.downloadPeer: Downloaded 719 blocks in 0 s, 649 per s, 3 min left
2022-06-08 15:22:03 INFO: BlockchainProcessorImpl.doTrimDerivedTables: Trimming derived tables at 145200
2022-06-08 15:22:03 INFO: BlockchainProcessorImpl.doTrimDerivedTables: Trimmed derived tables for 0.231 seconds
2022-06-08 15:22:03 INFO: BlockchainProcessorImpl$1.downloadPeer: Downloaded 719 blocks in 1 s, 649 per s, 3 min left
2022-06-08 15:22:04 INFO: BlockchainProcessorImpl.doTrimDerivedTables: Trimming derived tables at 146200
2022-06-08 15:22:05 INFO: BlockchainProcessorImpl.doTrimDerivedTables: Trimmed derived tables for 0.263 seconds
2022-06-08 15:22:05 INFO: BlockchainProcessorImpl$1.downloadPeer: Downloaded 719 blocks in 1 s, 649 per s, 3 min left
2022-06-08 15:22:07 INFO: BlockchainProcessorImpl.doTrimDerivedTables: Trimming derived tables at 147200
2022-06-08 15:22:07 INFO: BlockchainProcessorImpl.doTrimDerivedTables: Trimmed derived tables for 0.048 seconds
2022-06-08 15:22:07 INFO: BlockchainProcessorImpl$1.downloadPeer: Downloaded 719 blocks in 1 s, 647 per s, 3 min left
2022-06-08 15:22:08 INFO: BlockchainProcessorImpl$1.downloadPeer: Downloaded 719 blocks in 0 s, 647 per s, 3 min left
2022-06-08 15:22:09 INFO: BlockchainProcessorImpl.doTrimDerivedTables: Trimming derived tables at 148200
2022-06-08 15:22:10 INFO: BlockchainProcessorImpl.doTrimDerivedTables: Trimmed derived tables for 1.039 seconds
2022-06-08 15:22:10 INFO: BlockchainProcessorImpl$1.downloadPeer: Downloaded 719 blocks in 1 s, 645 per s, 3 min left
2022-06-08 15:22:11 INFO: BlockchainProcessorImpl.doTrimDerivedTables: Trimming derived tables at 149200
2022-06-08 15:22:11 INFO: BlockchainProcessorImpl.lambda$new$3: received block 150000
2022-06-08 15:22:12 INFO: BlockchainProcessorImpl.doTrimDerivedTables: Trimmed derived tables for 0.692 seconds
2022-06-08 15:22:12 INFO: BlockchainProcessorImpl$1.downloadPeer: Downloaded 719 blocks in 1 s, 643 per s, 3 min left
2022-06-08 15:22:14 INFO: BlockchainProcessorImpl$1.downloadPeer: Downloaded 719 blocks in 1 s, 643 per s, 3 min left
2022-06-08 15:22:15 INFO: BlockchainProcessorImpl.doTrimDerivedTables: Trimming derived tables at 150200
2022-06-08 15:22:15 INFO: BlockchainProcessorImpl.doTrimDerivedTables: Trimmed derived tables for 0.399 seconds
2022-06-08 15:22:15 INFO: BlockchainProcessorImpl$1.downloadPeer: Downloaded 719 blocks in 1 s, 643 per s, 3 min left
2022-06-08 15:22:17 INFO: BlockchainProcessorImpl.doTrimDerivedTables: Trimming derived tables at 151200
2022-06-08 15:22:17 INFO: BlockchainProcessorImpl.doTrimDerivedTables: Trimmed derived tables for 0.241 seconds
2022-06-08 15:22:17 INFO: BlockchainProcessorImpl$1.downloadPeer: Downloaded 719 blocks in 1 s, 642 per s, 3 min left
2022-06-08 15:22:18 INFO: BlockchainProcessorImpl.doTrimDerivedTables: Trimming derived tables at 152200
2022-06-08 15:22:18 INFO: BlockchainProcessorImpl.doTrimDerivedTables: Trimmed derived tables for 0.056 seconds
2022-06-08 15:22:18 INFO: BlockchainProcessorImpl$1.downloadPeer: Downloaded 719 blocks in 0 s, 643 per s, 3 min left
2022-06-08 15:22:19 INFO: BlockchainProcessorImpl$1.downloadPeer: Downloaded 719 blocks in 0 s, 643 per s, 3 min left
2022-06-08 15:22:21 INFO: BlockchainProcessorImpl.doTrimDerivedTables: Trimming derived tables at 153200
